<?xml version="1.0" encoding="UTF-8"?>
<testsuite xmlns:xsi="http://www.w3.org/2001/XMLSchema-instance" xsi:noNamespaceSchemaLocation="https://maven.apache.org/surefire/maven-surefire-plugin/xsd/surefire-test-report-3.0.xsd" version="3.0" name="com.proptech.servicio.ServiciosTest" time="0.084" tests="4" errors="0" skipped="0" failures="0">
  <properties>
[...]
</properties>
  <testcase name="probarMotorRecomendaciones" classname="com.proptech.servicio.ServiciosTest" time="0.02"/>
  <testcase name="probarHistorialDeshacerCambios" classname="com.proptech.servicio.ServiciosTest" time="0.015">
    <system-out><![CDATA[Actualización guardada: L-500 -> Vendido / $50.0M
Cambio deshecho. L-500 ha vuelto a su estado anterior.
]]></system-out>
  </testcase>
  <testcase name="probarInventarioInmuebles" classname="com.proptech.servicio.ServiciosTest" time="0.022">
    <system-out><![CDATA[Sincronización completada: 17 inmuebles cargados en memoria RAM.
Error al guardar inmueble: [SQLITE_CONSTRAINT_PRIMARYKEY] A PRIMARY KEY constraint failed (UNIQUE constraint failed: inmuebles.codigo)
Error al guardar inmueble: [SQLITE_CONSTRAINT_PRIMARYKEY] A PRIMARY KEY constraint failed (UNIQUE constraint failed: inmuebles.codigo)
]]></system-out>
  </testcase>
  <testcase name="probarGestorVisitasPrioridad" classname="com.proptech.servicio.ServiciosTest" time="0.015">
    <system-out><![CDATA[-> Visita [V-001] programada con prioridad: 3
-> Visita [V-002] programada con prioridad: 1
]]></system-out>
  </testcase>
</testsuite>